\BOOKMARK [1][-]{section.1}{\376\377\126\376\213\272}{}% 1
\BOOKMARK [2][-]{subsection.1.1}{\376\377\217\336\220\032\140\047\166\370\121\163}{section.1}% 2
\BOOKMARK [3][-]{subsubsection.1.1.1}{\376\377\000t\000a\000r\000j\000a\000n}{subsection.1.1}% 3
\BOOKMARK [3][-]{subsubsection.1.1.2}{\376\377\000t\000a\000r\000j\000a\000n\154\102\000L\000C\000A}{subsection.1.1}% 4
\BOOKMARK [3][-]{subsubsection.1.1.3}{\376\377\122\162\160\271\060\001\122\162\217\271}{subsection.1.1}% 5
\BOOKMARK [3][-]{subsubsection.1.1.4}{\376\377\127\006\145\271\150\021}{subsection.1.1}% 6
\BOOKMARK [2][-]{subsection.1.2}{\376\377\124\014\117\131\147\000\167\355\215\357}{section.1}% 7
\BOOKMARK [1][-]{section.2}{\376\377\145\160\143\156\176\323\147\204}{}% 8
\BOOKMARK [2][-]{subsection.2.1}{\376\377\136\163\210\141\150\021}{section.2}% 9
\BOOKMARK [3][-]{subsubsection.2.1.1}{\376\377\145\340\145\313\000\040\000T\000r\000e\000a\000p}{subsection.2.1}% 10
\BOOKMARK [3][-]{subsubsection.2.1.2}{\376\377\000S\000p\000l\000a\000y}{subsection.2.1}% 11
\BOOKMARK [2][-]{subsection.2.2}{\376\377\122\250\140\001\150\021}{section.2}% 12
\BOOKMARK [2][-]{subsection.2.3}{\376\377\163\302\147\065\203\211\150\021}{section.2}% 13
\BOOKMARK [2][-]{subsection.2.4}{\376\377\147\116\215\205\176\277\153\265\150\021}{section.2}% 14
\BOOKMARK [1][-]{section.3}{\376\377\133\127\173\046\116\062}{}% 15
\BOOKMARK [2][-]{subsection.3.1}{\376\377\124\016\177\000\145\160\176\304\377\010\116\016\124\016\177\000\150\021\377\011}{section.3}% 16
\BOOKMARK [2][-]{subsection.3.2}{\376\377\000A\000C\201\352\122\250\147\072}{section.3}% 17
\BOOKMARK [2][-]{subsection.3.3}{\376\377\126\336\145\207\201\352\122\250\147\072}{section.3}% 18
\BOOKMARK [2][-]{subsection.3.4}{\376\377\000M\000a\000n\000a\000c\000h\000e\000r\173\227\154\325}{section.3}% 19
\BOOKMARK [2][-]{subsection.3.5}{\376\377\000K\000M\000P\173\227\154\325\116\016\000b\000o\000r\000d\000e\000r\164\006\213\272}{section.3}% 20
\BOOKMARK [2][-]{subsection.3.6}{\376\377\000Z\121\375\145\160}{section.3}% 21
